<?xml version="1.0" encoding="UTF-8"?>
<coverage generated="1657999951920" clover="3.2.0">
  <project timestamp="1657999951920" name="All files">
    <metrics statements="9" coveredstatements="9" conditionals="0" coveredconditionals="0" methods="3" coveredmethods="3" elements="12" coveredelements="12" complexity="0" loc="9" ncloc="9" packages="2" files="3" classes="3"/>
    <package name="components.Navigation">
      <metrics statements="4" coveredstatements="4" conditionals="0" coveredconditionals="0" methods="2" coveredmethods="2"/>
      <file name="ProfileImage.vue" path="C:\Users\pc\Desktop\Workspace\job-search\src\components\Navigation\ProfileImage.vue">
        <metrics statements="2" coveredstatements="2" conditionals="0" coveredconditionals="0" methods="1" coveredmethods="1"/>
        <line num="6" count="1" type="stmt"/>
        <line num="9" count="1" type="stmt"/>
      </file>
      <file name="Subnav.vue" path="C:\Users\pc\Desktop\Workspace\job-search\src\components\Navigation\Subnav.vue">
        <metrics statements="2" coveredstatements="2" conditionals="0" coveredconditionals="0" methods="1" coveredmethods="1"/>
        <line num="13" count="1" type="stmt"/>
        <line num="17" count="2" type="stmt"/>
      </file>
    </package>
    <package name="utils">
      <metrics statements="5" coveredstatements="5" conditionals="0" coveredconditionals="0" methods="1" coveredmethods="1"/>
      <file name="nextElementInList.js" path="C:\Users\pc\Desktop\Workspace\job-search\src\utils\nextElementInList.js">
        <metrics statements="5" coveredstatements="5" conditionals="0" coveredconditionals="0" methods="1" coveredmethods="1"/>
        <line num="1" count="2" type="stmt"/>
        <line num="2" count="5" type="stmt"/>
        <line num="3" count="5" type="stmt"/>
        <line num="4" count="5" type="stmt"/>
        <line num="6" count="5" type="stmt"/>
      </file>
    </package>
  </project>
</coverage>
