TN:
SF:src\components\JobResults\JobListing.vue
FN:65,(anonymous_0)
FNF:1
FNH:1
FNDA:2,(anonymous_0)
DA:56,1
DA:66,2
LF:2
LH:2
BRF:0
BRH:0
end_of_record
TN:
SF:src\components\Navigation\ProfileImage.vue
FN:8,(anonymous_0)
FNF:1
FNH:1
FNDA:1,(anonymous_0)
DA:6,2
DA:9,1
LF:2
LH:2
BRF:0
BRH:0
end_of_record
TN:
SF:src\components\Navigation\Subnav.vue
FN:17,(anonymous_0)
FNF:1
FNH:1
FNDA:2,(anonymous_0)
DA:13,2
DA:18,2
LF:2
LH:2
BRF:0
BRH:0
end_of_record
TN:
SF:src\components\Shared\ActionButton.vue
FN:19,(anonymous_0)
FN:25,(anonymous_1)
FNF:2
FNH:2
FNDA:8,(anonymous_0)
FNDA:3,(anonymous_1)
DA:8,3
DA:20,8
DA:26,3
LF:3
LH:3
BRF:0
BRH:0
end_of_record
TN:
SF:src\components\Shared\TextInput.vue
FN:27,(anonymous_0)
FNF:1
FNH:1
FNDA:5,(anonymous_0)
DA:12,2
DA:28,5
LF:2
LH:2
BRF:0
BRH:0
end_of_record
TN:
SF:src\utils\nextElementInList.js
FN:1,(anonymous_0)
FNF:1
FNH:1
FNDA:5,(anonymous_0)
DA:1,2
DA:2,5
DA:3,5
DA:4,5
DA:6,5
LF:5
LH:5
BRF:0
BRH:0
end_of_record
